<?xml version="1.0" encoding="utf-8"?><testsuites name="pytest tests"><testsuite name="pytest" errors="0" failures="0" skipped="0" tests="40" time="6.814" timestamp="2026-08-12T19:59:10.335380+00:00" hostname="agent-env-4ef987b4-704f-451c-84dd-b8ddf7d15184"><testcase classname="tests.backend_test" name="test_login_invalid" time="0.557" /><testcase classname="tests.backend_test" name="test_register_and_me" time="0.596" /><testcase classname="tests.backend_test" name="test_register_duplicate" time="0.491" /><testcase classname="tests.backend_test" name="test_company_get_and_update" time="0.201" /><testcase classname="tests.backend_test" name="test_clients_crud" time="0.224" /><testcase classname="tests.backend_test" name="test_products_crud" time="0.129" /><testcase classname="tests.backend_test" name="test_invoice_numero_increments" time="0.200" /><testcase classname="tests.backend_test" name="test_invoice_emit" time="0.142" /><testcase classname="tests.backend_test" name="test_invoice_xml_download" time="0.068" /><testcase classname="tests.backend_test" name="test_invoice_pdf_download" time="0.147" /><testcase classname="tests.backend_test" name="test_invoice_cancel" time="0.136" /><testcase classname="tests.backend_test" name="test_dashboard" time="0.074" /><testcase classname="tests.backend_test" name="test_client_delete_cleanup" time="0.064" /><testcase classname="tests.backend_test" name="test_product_delete_cleanup" time="0.069" /><testcase classname="tests.backend_test" name="test_reports_json_no_filter" time="0.066" /><testcase classname="tests.backend_test" name="test_reports_json_date_filter" time="0.130" /><testcase classname="tests.backend_test" name="test_reports_csv_export" time="0.075" /><testcase classname="tests.backend_test" name="test_cce_on_non_authorized_returns_400" time="0.066" /><testcase classname="tests.backend_test" name="test_cce_short_text_on_authorized_returns_400" time="0.065" /><testcase classname="tests.backend_test" name="test_reports_pdf_export" time="0.065" /><testcase classname="tests.backend_test" name="test_reports_pdf_export_with_date_range" time="0.132" /><testcase classname="tests.backend_test" name="test_inutilizacao_list_empty_or_array" time="0.083" /><testcase classname="tests.backend_test" name="test_inutilizacao_numero_final_less_than_inicial" time="0.080" /><testcase classname="tests.backend_test" name="test_inutilizacao_short_justificativa" time="0.065" /><testcase classname="tests.backend_test" name="test_inutilizacao_no_certificate" time="0.063" /><testcase classname="tests.backend_test" name="test_consultar_no_chave" time="0.261" /><testcase classname="tests.backend_test" name="test_consultar_with_chave_no_cert" time="0.151" /><testcase classname="tests.backend_test" name="test_cancel_pendente_local" time="0.361" /><testcase classname="tests.backend_test" name="test_company_logo_upload_and_no_leak" time="0.228" /><testcase classname="tests.backend_test" name="test_pdf_still_renders_after_logo" time="0.079" /><testcase classname="tests.backend_test" name="test_manifestacao_tipos" time="0.066" /><testcase classname="tests.backend_test" name="test_manifestacao_list_array" time="0.064" /><testcase classname="tests.backend_test" name="test_manifestacao_invalid_chave" time="0.061" /><testcase classname="tests.backend_test" name="test_manifestacao_invalid_tipo" time="0.062" /><testcase classname="tests.backend_test" name="test_manifestacao_short_justificativa_210220" time="0.073" /><testcase classname="tests.backend_test" name="test_manifestacao_short_justificativa_210240" time="0.067" /><testcase classname="tests.backend_test" name="test_manifestacao_reaches_cert_check" time="0.070" /><testcase classname="tests.backend_test" name="test_email_invoice_nonexistent" time="0.063" /><testcase classname="tests.backend_test" name="test_email_invoice_success" time="0.509" /><testcase classname="tests.backend_test" name="test_invoice_pdf_after_emit_has_qr" time="0.078" /></testsuite></testsuites>